Thu Oct 13 10:55:21 CEST 2011: Creating new db @ asdfasdf\neostore
Thu Oct 13 10:55:22 CEST 2011: Opened [asdfasdf\nioneo_logical.log.1] clean empty log, version=0
Thu Oct 13 10:55:22 CEST 2011: Opened [C:\era7\ppareja\proyectos\JAVA\Bio4jTools\jars\asdfasdf\index\lucene.log.1] clean empty log, version=0
Thu Oct 13 10:55:22 CEST 2011: TM new log: tm_tx_log.1
Thu Oct 13 10:55:22 CEST 2011: --- CONFIGURATION START ---
Thu Oct 13 10:55:22 CEST 2011: Physical mem: 3891MB, Heap size: 865MB
Thu Oct 13 10:55:22 CEST 2011: Kernel version: Neo4j Kernel, unpackaged version 1.4.1
Thu Oct 13 10:55:22 CEST 2011: Neo4j Kernel, unpackaged version 1.4.1
Thu Oct 13 10:55:22 CEST 2011: Operating System: Windows 7; version: 6.1; arch: amd64; cpus: 4
Thu Oct 13 10:55:22 CEST 2011: VM Name: Java HotSpot(TM) 64-Bit Server VM
Thu Oct 13 10:55:22 CEST 2011: VM Vendor: Sun Microsystems Inc.
Thu Oct 13 10:55:22 CEST 2011: VM Version: 16.2-b04
Thu Oct 13 10:55:22 CEST 2011: Boot Class Path: C:\Program Files\Java\jre6\lib\resources.jar;C:\Program Files\Java\jre6\lib\rt.jar;C:\Program Files\Java\jre6\lib\sunrsasign.jar;C:\Program Files\Java\jre6\lib\jsse.jar;C:\Program Files\Java\jre6\lib\jce.jar;C:\Program Files\Java\jre6\lib\charsets.jar;C:\Program Files\Java\jre6\classes
Thu Oct 13 10:55:22 CEST 2011: Class Path: GetNodeAndRelsStatistics.jar
Thu Oct 13 10:55:22 CEST 2011: Library Path: C:\Windows\system32;.;C:\Windows\Sun\Java\bin;C:\Windows\system32;C:\Windows;C:\Windows\system32;C:\Windows;C:\Windows\System32\Wbem;C:\Windows\System32\WindowsPowerShell\v1.0\;C:\Program Files\ThinkPad\Bluetooth Software\;C:\Program Files\ThinkPad\Bluetooth Software\syswow64;C:\Program Files (x86)\Common Files\Lenovo;C:\Program Files (x86)\Lenovo\Access Connections\;C:\Program Files\Common Files\Lenovo;C:\Program Files (x86)\Lenovo\Client Security Solution;C:\Program Files\Lenovo\Client Security Solution;C:\Program Files (x86)\Vodafone\Vodafone Mobile Connect\Optimization Client\;C:\Program Files (x86)\QuickTime\QTSystem\;C:\Program Files\Intel\WiFi\bin\;C:\Program Files\Common Files\Intel\WirelessCommon\;C:\SWTOOLS\ReadyApps;C:\Program Files\Intel\WiFi\bin\;C:\Program Files\Common Files\Intel\WirelessCommon\
Thu Oct 13 10:55:22 CEST 2011: Garbage Collector: PS Scavenge: [PS Eden Space, PS Survivor Space]
Thu Oct 13 10:55:22 CEST 2011: Garbage Collector: PS MarkSweep: [PS Eden Space, PS Survivor Space, PS Old Gen, PS Perm Gen]
Thu Oct 13 10:55:22 CEST 2011: VM Arguments: []
Thu Oct 13 10:55:22 CEST 2011: 
Thu Oct 13 10:55:22 CEST 2011: create=true
Thu Oct 13 10:55:22 CEST 2011: logical_log=asdfasdf\nioneo_logical.log
Thu Oct 13 10:55:22 CEST 2011: neo_store=asdfasdf\neostore
Thu Oct 13 10:55:22 CEST 2011: neostore.nodestore.db.mapped_memory=20M
Thu Oct 13 10:55:22 CEST 2011: neostore.propertystore.db.arrays.mapped_memory=130M
Thu Oct 13 10:55:22 CEST 2011: neostore.propertystore.db.index.keys.mapped_memory=1M
Thu Oct 13 10:55:22 CEST 2011: neostore.propertystore.db.index.mapped_memory=1M
Thu Oct 13 10:55:22 CEST 2011: neostore.propertystore.db.mapped_memory=90M
Thu Oct 13 10:55:22 CEST 2011: neostore.propertystore.db.strings.mapped_memory=130M
Thu Oct 13 10:55:22 CEST 2011: neostore.relationshipstore.db.mapped_memory=100M
Thu Oct 13 10:55:22 CEST 2011: node_auto_indexing=false
Thu Oct 13 10:55:22 CEST 2011: rebuild_idgenerators_fast=true
Thu Oct 13 10:55:22 CEST 2011: relationship_auto_indexing=false
Thu Oct 13 10:55:22 CEST 2011: store_dir=asdfasdf
Thu Oct 13 10:55:22 CEST 2011: use_memory_mapped_buffers=false
Thu Oct 13 10:55:22 CEST 2011: --- CONFIGURATION END ---
Thu Oct 13 10:55:22 CEST 2011: Extension org.neo4j.kernel.KernelExtension[dummy] loaded ok
Thu Oct 13 10:55:22 CEST 2011: Extension org.neo4j.kernel.KernelExtension[other dummy] loaded ok
Thu Oct 13 10:56:31 CEST 2011: asdfasdf\neostore non clean shutdown detected
Thu Oct 13 10:56:31 CEST 2011: asdfasdf\neostore.relationshiptypestore.db non clean shutdown detected
Thu Oct 13 10:56:31 CEST 2011: asdfasdf\neostore.relationshiptypestore.db.names non clean shutdown detected
Thu Oct 13 10:56:31 CEST 2011: asdfasdf\neostore.propertystore.db non clean shutdown detected
Thu Oct 13 10:56:31 CEST 2011: asdfasdf\neostore.propertystore.db.strings non clean shutdown detected
Thu Oct 13 10:56:31 CEST 2011: asdfasdf\neostore.propertystore.db.index non clean shutdown detected
Thu Oct 13 10:56:31 CEST 2011: asdfasdf\neostore.propertystore.db.index.keys non clean shutdown detected
Thu Oct 13 10:56:31 CEST 2011: asdfasdf\neostore.propertystore.db.arrays non clean shutdown detected
Thu Oct 13 10:56:31 CEST 2011: asdfasdf\neostore.relationshipstore.db non clean shutdown detected
Thu Oct 13 10:56:31 CEST 2011: asdfasdf\neostore.nodestore.db non clean shutdown detected
Thu Oct 13 10:56:35 CEST 2011: Non clean shutdown detected on log [asdfasdf\nioneo_logical.log.1]. Recovery started ...
Thu Oct 13 10:56:35 CEST 2011: [asdfasdf\nioneo_logical.log.1] logVersion=0 with committed tx=1
Thu Oct 13 10:56:35 CEST 2011: [asdfasdf\nioneo_logical.log.1] entries found=0 lastEntryPos=16
Thu Oct 13 10:56:35 CEST 2011: XaResourceManager[asdfasdf\nioneo_logical.log] sorting 0 xids
Thu Oct 13 10:56:35 CEST 2011: XaResourceManager[asdfasdf\nioneo_logical.log] checkRecoveryComplete 0 xids
Thu Oct 13 10:56:35 CEST 2011: asdfasdf\neostore.relationshiptypestore.db.names rebuild id generator, highId=1 defragged count=0
Thu Oct 13 10:56:35 CEST 2011: asdfasdf\neostore.propertystore.db.index.keys rebuild id generator, highId=1 defragged count=0
Thu Oct 13 10:56:35 CEST 2011: asdfasdf\neostore.propertystore.db.index rebuild id generator, highId=1 defragged count=0
Thu Oct 13 10:56:35 CEST 2011: asdfasdf\neostore.propertystore.db.strings rebuild id generator, highId=1 defragged count=0
Thu Oct 13 10:56:35 CEST 2011: asdfasdf\neostore.propertystore.db.arrays rebuild id generator, highId=1 defragged count=0
Thu Oct 13 10:56:35 CEST 2011: asdfasdf\neostore.propertystore.db rebuild id generator, highId=1 defragged count=0
Thu Oct 13 10:56:35 CEST 2011: asdfasdf\neostore.relationshipstore.db rebuild id generator, highId=1 defragged count=0
Thu Oct 13 10:56:35 CEST 2011: asdfasdf\neostore.nodestore.db rebuild id generator, highId=1 defragged count=0
Thu Oct 13 10:56:35 CEST 2011: asdfasdf\neostore rebuild id generator, highId=4 defragged count=0
Thu Oct 13 10:56:35 CEST 2011: XaResourceManager[asdfasdf\nioneo_logical.log] recovery completed.
Thu Oct 13 10:56:35 CEST 2011: Recovery on log [asdfasdf\nioneo_logical.log.1] completed.
Thu Oct 13 10:56:35 CEST 2011: Non clean shutdown detected on log [C:\era7\ppareja\proyectos\JAVA\Bio4jTools\jars\asdfasdf\index\lucene.log.1]. Recovery started ...
Thu Oct 13 10:56:35 CEST 2011: [C:\era7\ppareja\proyectos\JAVA\Bio4jTools\jars\asdfasdf\index\lucene.log.1] logVersion=0 with committed tx=1
Thu Oct 13 10:56:35 CEST 2011: [C:\era7\ppareja\proyectos\JAVA\Bio4jTools\jars\asdfasdf\index\lucene.log.1] entries found=0 lastEntryPos=16
Thu Oct 13 10:56:35 CEST 2011: XaResourceManager[C:\era7\ppareja\proyectos\JAVA\Bio4jTools\jars\asdfasdf\index\lucene.log] sorting 0 xids
Thu Oct 13 10:56:35 CEST 2011: XaResourceManager[C:\era7\ppareja\proyectos\JAVA\Bio4jTools\jars\asdfasdf\index\lucene.log] checkRecoveryComplete 0 xids
Thu Oct 13 10:56:35 CEST 2011: XaResourceManager[C:\era7\ppareja\proyectos\JAVA\Bio4jTools\jars\asdfasdf\index\lucene.log] recovery completed.
Thu Oct 13 10:56:35 CEST 2011: Recovery on log [C:\era7\ppareja\proyectos\JAVA\Bio4jTools\jars\asdfasdf\index\lucene.log.1] completed.
Thu Oct 13 10:56:35 CEST 2011: TM opening log: asdfasdf\tm_tx_log.1
Thu Oct 13 10:56:35 CEST 2011: --- CONFIGURATION START ---
Thu Oct 13 10:56:35 CEST 2011: Physical mem: 3891MB, Heap size: 865MB
Thu Oct 13 10:56:35 CEST 2011: Kernel version: Neo4j Kernel, unpackaged version 1.4.1
Thu Oct 13 10:56:35 CEST 2011: Neo4j Kernel, unpackaged version 1.4.1
Thu Oct 13 10:56:35 CEST 2011: Operating System: Windows 7; version: 6.1; arch: amd64; cpus: 4
Thu Oct 13 10:56:35 CEST 2011: VM Name: Java HotSpot(TM) 64-Bit Server VM
Thu Oct 13 10:56:35 CEST 2011: VM Vendor: Sun Microsystems Inc.
Thu Oct 13 10:56:35 CEST 2011: VM Version: 16.2-b04
Thu Oct 13 10:56:35 CEST 2011: Boot Class Path: C:\Program Files\Java\jre6\lib\resources.jar;C:\Program Files\Java\jre6\lib\rt.jar;C:\Program Files\Java\jre6\lib\sunrsasign.jar;C:\Program Files\Java\jre6\lib\jsse.jar;C:\Program Files\Java\jre6\lib\jce.jar;C:\Program Files\Java\jre6\lib\charsets.jar;C:\Program Files\Java\jre6\classes
Thu Oct 13 10:56:35 CEST 2011: Class Path: GetNodeAndRelsStatistics.jar
Thu Oct 13 10:56:35 CEST 2011: Library Path: C:\Windows\system32;.;C:\Windows\Sun\Java\bin;C:\Windows\system32;C:\Windows;C:\Windows\system32;C:\Windows;C:\Windows\System32\Wbem;C:\Windows\System32\WindowsPowerShell\v1.0\;C:\Program Files\ThinkPad\Bluetooth Software\;C:\Program Files\ThinkPad\Bluetooth Software\syswow64;C:\Program Files (x86)\Common Files\Lenovo;C:\Program Files (x86)\Lenovo\Access Connections\;C:\Program Files\Common Files\Lenovo;C:\Program Files (x86)\Lenovo\Client Security Solution;C:\Program Files\Lenovo\Client Security Solution;C:\Program Files (x86)\Vodafone\Vodafone Mobile Connect\Optimization Client\;C:\Program Files (x86)\QuickTime\QTSystem\;C:\Program Files\Intel\WiFi\bin\;C:\Program Files\Common Files\Intel\WirelessCommon\;C:\SWTOOLS\ReadyApps;C:\Program Files\Intel\WiFi\bin\;C:\Program Files\Common Files\Intel\WirelessCommon\
Thu Oct 13 10:56:35 CEST 2011: Garbage Collector: PS Scavenge: [PS Eden Space, PS Survivor Space]
Thu Oct 13 10:56:35 CEST 2011: Garbage Collector: PS MarkSweep: [PS Eden Space, PS Survivor Space, PS Old Gen, PS Perm Gen]
Thu Oct 13 10:56:35 CEST 2011: VM Arguments: []
Thu Oct 13 10:56:35 CEST 2011: 
Thu Oct 13 10:56:35 CEST 2011: create=true
Thu Oct 13 10:56:35 CEST 2011: logical_log=asdfasdf\nioneo_logical.log
Thu Oct 13 10:56:35 CEST 2011: neo_store=asdfasdf\neostore
Thu Oct 13 10:56:35 CEST 2011: neostore.nodestore.db.mapped_memory=20M
Thu Oct 13 10:56:35 CEST 2011: neostore.propertystore.db.arrays.mapped_memory=130M
Thu Oct 13 10:56:35 CEST 2011: neostore.propertystore.db.index.keys.mapped_memory=1M
Thu Oct 13 10:56:35 CEST 2011: neostore.propertystore.db.index.mapped_memory=1M
Thu Oct 13 10:56:35 CEST 2011: neostore.propertystore.db.mapped_memory=90M
Thu Oct 13 10:56:35 CEST 2011: neostore.propertystore.db.strings.mapped_memory=130M
Thu Oct 13 10:56:35 CEST 2011: neostore.relationshipstore.db.mapped_memory=100M
Thu Oct 13 10:56:35 CEST 2011: node_auto_indexing=false
Thu Oct 13 10:56:35 CEST 2011: rebuild_idgenerators_fast=true
Thu Oct 13 10:56:35 CEST 2011: relationship_auto_indexing=false
Thu Oct 13 10:56:35 CEST 2011: store_dir=asdfasdf
Thu Oct 13 10:56:35 CEST 2011: use_memory_mapped_buffers=false
Thu Oct 13 10:56:35 CEST 2011: --- CONFIGURATION END ---
Thu Oct 13 10:56:35 CEST 2011: Extension org.neo4j.kernel.KernelExtension[dummy] loaded ok
Thu Oct 13 10:56:35 CEST 2011: Extension org.neo4j.kernel.KernelExtension[other dummy] loaded ok
Thu Oct 13 10:58:39 CEST 2011: asdfasdf\neostore non clean shutdown detected
Thu Oct 13 10:58:39 CEST 2011: asdfasdf\neostore.relationshiptypestore.db non clean shutdown detected
Thu Oct 13 10:58:39 CEST 2011: asdfasdf\neostore.relationshiptypestore.db.names non clean shutdown detected
Thu Oct 13 10:58:39 CEST 2011: asdfasdf\neostore.propertystore.db non clean shutdown detected
Thu Oct 13 10:58:39 CEST 2011: asdfasdf\neostore.propertystore.db.strings non clean shutdown detected
Thu Oct 13 10:58:39 CEST 2011: asdfasdf\neostore.propertystore.db.index non clean shutdown detected
Thu Oct 13 10:58:39 CEST 2011: asdfasdf\neostore.propertystore.db.index.keys non clean shutdown detected
Thu Oct 13 10:58:39 CEST 2011: asdfasdf\neostore.propertystore.db.arrays non clean shutdown detected
Thu Oct 13 10:58:39 CEST 2011: asdfasdf\neostore.relationshipstore.db non clean shutdown detected
Thu Oct 13 10:58:39 CEST 2011: asdfasdf\neostore.nodestore.db non clean shutdown detected
Thu Oct 13 10:58:39 CEST 2011: Non clean shutdown detected on log [asdfasdf\nioneo_logical.log.1]. Recovery started ...
Thu Oct 13 10:58:39 CEST 2011: [asdfasdf\nioneo_logical.log.1] logVersion=0 with committed tx=1
Thu Oct 13 10:58:39 CEST 2011: [asdfasdf\nioneo_logical.log.1] entries found=0 lastEntryPos=16
Thu Oct 13 10:58:39 CEST 2011: XaResourceManager[asdfasdf\nioneo_logical.log] sorting 0 xids
Thu Oct 13 10:58:39 CEST 2011: XaResourceManager[asdfasdf\nioneo_logical.log] checkRecoveryComplete 0 xids
Thu Oct 13 10:58:39 CEST 2011: asdfasdf\neostore.relationshiptypestore.db.names rebuild id generator, highId=1 defragged count=0
Thu Oct 13 10:58:39 CEST 2011: asdfasdf\neostore.propertystore.db.index.keys rebuild id generator, highId=1 defragged count=0
Thu Oct 13 10:58:39 CEST 2011: asdfasdf\neostore.propertystore.db.index rebuild id generator, highId=1 defragged count=0
Thu Oct 13 10:58:39 CEST 2011: asdfasdf\neostore.propertystore.db.strings rebuild id generator, highId=1 defragged count=0
Thu Oct 13 10:58:39 CEST 2011: asdfasdf\neostore.propertystore.db.arrays rebuild id generator, highId=1 defragged count=0
Thu Oct 13 10:58:39 CEST 2011: asdfasdf\neostore.propertystore.db rebuild id generator, highId=1 defragged count=0
Thu Oct 13 10:58:39 CEST 2011: asdfasdf\neostore.relationshipstore.db rebuild id generator, highId=1 defragged count=0
Thu Oct 13 10:58:39 CEST 2011: asdfasdf\neostore.nodestore.db rebuild id generator, highId=1 defragged count=0
Thu Oct 13 10:58:39 CEST 2011: asdfasdf\neostore rebuild id generator, highId=4 defragged count=0
Thu Oct 13 10:58:39 CEST 2011: XaResourceManager[asdfasdf\nioneo_logical.log] recovery completed.
Thu Oct 13 10:58:39 CEST 2011: Recovery on log [asdfasdf\nioneo_logical.log.1] completed.
Thu Oct 13 10:58:39 CEST 2011: Non clean shutdown detected on log [C:\era7\ppareja\proyectos\JAVA\Bio4jTools\jars\asdfasdf\index\lucene.log.1]. Recovery started ...
Thu Oct 13 10:58:39 CEST 2011: [C:\era7\ppareja\proyectos\JAVA\Bio4jTools\jars\asdfasdf\index\lucene.log.1] logVersion=0 with committed tx=1
Thu Oct 13 10:58:39 CEST 2011: [C:\era7\ppareja\proyectos\JAVA\Bio4jTools\jars\asdfasdf\index\lucene.log.1] entries found=0 lastEntryPos=16
Thu Oct 13 10:58:39 CEST 2011: XaResourceManager[C:\era7\ppareja\proyectos\JAVA\Bio4jTools\jars\asdfasdf\index\lucene.log] sorting 0 xids
Thu Oct 13 10:58:39 CEST 2011: XaResourceManager[C:\era7\ppareja\proyectos\JAVA\Bio4jTools\jars\asdfasdf\index\lucene.log] checkRecoveryComplete 0 xids
Thu Oct 13 10:58:39 CEST 2011: XaResourceManager[C:\era7\ppareja\proyectos\JAVA\Bio4jTools\jars\asdfasdf\index\lucene.log] recovery completed.
Thu Oct 13 10:58:39 CEST 2011: Recovery on log [C:\era7\ppareja\proyectos\JAVA\Bio4jTools\jars\asdfasdf\index\lucene.log.1] completed.
Thu Oct 13 10:58:39 CEST 2011: TM opening log: asdfasdf\tm_tx_log.1
Thu Oct 13 10:58:39 CEST 2011: --- CONFIGURATION START ---
Thu Oct 13 10:58:39 CEST 2011: Physical mem: 3891MB, Heap size: 865MB
Thu Oct 13 10:58:39 CEST 2011: Kernel version: Neo4j Kernel, unpackaged version 1.4
Thu Oct 13 10:58:39 CEST 2011: Neo4j Kernel, unpackaged version 1.4
Thu Oct 13 10:58:39 CEST 2011: Operating System: Windows 7; version: 6.1; arch: amd64; cpus: 4
Thu Oct 13 10:58:39 CEST 2011: VM Name: Java HotSpot(TM) 64-Bit Server VM
Thu Oct 13 10:58:39 CEST 2011: VM Vendor: Sun Microsystems Inc.
Thu Oct 13 10:58:39 CEST 2011: VM Version: 16.2-b04
Thu Oct 13 10:58:39 CEST 2011: Boot Class Path: C:\Program Files\Java\jre6\lib\resources.jar;C:\Program Files\Java\jre6\lib\rt.jar;C:\Program Files\Java\jre6\lib\sunrsasign.jar;C:\Program Files\Java\jre6\lib\jsse.jar;C:\Program Files\Java\jre6\lib\jce.jar;C:\Program Files\Java\jre6\lib\charsets.jar;C:\Program Files\Java\jre6\classes
Thu Oct 13 10:58:39 CEST 2011: Class Path: GetNodeAndRelsStatistics.jar
Thu Oct 13 10:58:39 CEST 2011: Library Path: C:\Windows\system32;.;C:\Windows\Sun\Java\bin;C:\Windows\system32;C:\Windows;C:\Windows\system32;C:\Windows;C:\Windows\System32\Wbem;C:\Windows\System32\WindowsPowerShell\v1.0\;C:\Program Files\ThinkPad\Bluetooth Software\;C:\Program Files\ThinkPad\Bluetooth Software\syswow64;C:\Program Files (x86)\Common Files\Lenovo;C:\Program Files (x86)\Lenovo\Access Connections\;C:\Program Files\Common Files\Lenovo;C:\Program Files (x86)\Lenovo\Client Security Solution;C:\Program Files\Lenovo\Client Security Solution;C:\Program Files (x86)\Vodafone\Vodafone Mobile Connect\Optimization Client\;C:\Program Files (x86)\QuickTime\QTSystem\;C:\Program Files\Intel\WiFi\bin\;C:\Program Files\Common Files\Intel\WirelessCommon\;C:\SWTOOLS\ReadyApps;C:\Program Files\Intel\WiFi\bin\;C:\Program Files\Common Files\Intel\WirelessCommon\
Thu Oct 13 10:58:39 CEST 2011: Garbage Collector: PS Scavenge: [PS Eden Space, PS Survivor Space]
Thu Oct 13 10:58:39 CEST 2011: Garbage Collector: PS MarkSweep: [PS Eden Space, PS Survivor Space, PS Old Gen, PS Perm Gen]
Thu Oct 13 10:58:39 CEST 2011: VM Arguments: []
Thu Oct 13 10:58:39 CEST 2011: 
Thu Oct 13 10:58:39 CEST 2011: create=true
Thu Oct 13 10:58:39 CEST 2011: logical_log=asdfasdf\nioneo_logical.log
Thu Oct 13 10:58:39 CEST 2011: neo_store=asdfasdf\neostore
Thu Oct 13 10:58:39 CEST 2011: neostore.nodestore.db.mapped_memory=20M
Thu Oct 13 10:58:39 CEST 2011: neostore.propertystore.db.arrays.mapped_memory=130M
Thu Oct 13 10:58:39 CEST 2011: neostore.propertystore.db.index.keys.mapped_memory=1M
Thu Oct 13 10:58:39 CEST 2011: neostore.propertystore.db.index.mapped_memory=1M
Thu Oct 13 10:58:39 CEST 2011: neostore.propertystore.db.mapped_memory=90M
Thu Oct 13 10:58:39 CEST 2011: neostore.propertystore.db.strings.mapped_memory=130M
Thu Oct 13 10:58:39 CEST 2011: neostore.relationshipstore.db.mapped_memory=100M
Thu Oct 13 10:58:39 CEST 2011: node_auto_indexing=false
Thu Oct 13 10:58:39 CEST 2011: rebuild_idgenerators_fast=true
Thu Oct 13 10:58:39 CEST 2011: relationship_auto_indexing=false
Thu Oct 13 10:58:39 CEST 2011: store_dir=asdfasdf
Thu Oct 13 10:58:39 CEST 2011: use_memory_mapped_buffers=false
Thu Oct 13 10:58:39 CEST 2011: --- CONFIGURATION END ---
Thu Oct 13 10:58:39 CEST 2011: Extension org.neo4j.kernel.KernelExtension[dummy] loaded ok
Thu Oct 13 10:58:39 CEST 2011: Extension org.neo4j.kernel.KernelExtension[other dummy] loaded ok
Thu Oct 13 10:58:39 CEST 2011: Closed log asdfasdf\nioneo_logical.log
Thu Oct 13 10:58:39 CEST 2011: NeoStore closed
Thu Oct 13 10:58:39 CEST 2011: Closed log C:\era7\ppareja\proyectos\JAVA\Bio4jTools\jars\asdfasdf\index\lucene.log
Thu Oct 13 10:58:39 CEST 2011: NeoStore closed
Thu Oct 13 10:58:39 CEST 2011: TM shutting down
